c:\users\eliott\documents\github\cse201-project\climate-change\src\vs-project\x64\debug\vc142.pdb
c:\users\eliott\documents\github\cse201-project\climate-change\src\vs-project\x64\debug\vc142.idb
c:\users\eliott\documents\github\cse201-project\climate-change\src\vs-project\x64\debug\root.obj
c:\users\eliott\documents\github\cse201-project\climate-change\src\vs-project\x64\debug\player.obj
c:\users\eliott\documents\github\cse201-project\climate-change\src\vs-project\x64\debug\godotlibrary.obj
c:\users\eliott\documents\github\cse201-project\climate-change\src\vs-project\dllexport\libvs-project-x64-debug.ilk
c:\users\eliott\documents\github\cse201-project\climate-change\src\vs-project\dllexport\libvs-project-x64-debug.dll
c:\users\eliott\documents\github\cse201-project\climate-change\src\vs-project\dllexport\libvs-project-x64-debug.pdb
c:\users\eliott\documents\github\cse201-project\climate-change\src\vs-project\dllexport\libvs-project-x64-debug.lib
c:\users\eliott\documents\github\cse201-project\climate-change\src\vs-project\dllexport\libvs-project-x64-debug.exp
c:\godot\cse201-project\climate-change\src\vs-project\x64\debug\godotlibrary.obj
c:\godot\cse201-project\climate-change\src\vs-project\x64\debug\player.obj
c:\godot\cse201-project\climate-change\src\vs-project\x64\debug\root.obj
c:\godot\cse201-project\climate-change\src\vs-project\x64\debug\vc142.idb
c:\godot\cse201-project\climate-change\src\vs-project\x64\debug\vc142.pdb
c:\godot\cse201-project\climate-change\src\vs-project\dllexport\libvs-project-x64-debug.pdb
c:\godot\cse201-project\climate-change\src\vs-project\dllexport\libvs-project-x64-debug.dll
c:\godot\cse201-project\climate-change\src\vs-project\dllexport\libvs-project-x64-debug.ilk
c:\godot\cse201-project\climate-change\src\vs-project\x64\debug\vs-project.tlog\cl.command.1.tlog
c:\godot\cse201-project\climate-change\src\vs-project\x64\debug\vs-project.tlog\cl.read.1.tlog
c:\godot\cse201-project\climate-change\src\vs-project\x64\debug\vs-project.tlog\cl.write.1.tlog
c:\godot\cse201-project\climate-change\src\vs-project\x64\debug\vs-project.tlog\link.command.1.tlog
c:\godot\cse201-project\climate-change\src\vs-project\x64\debug\vs-project.tlog\link.read.1.tlog
c:\godot\cse201-project\climate-change\src\vs-project\x64\debug\vs-project.tlog\link.write.1.tlog
c:\godot\cse201-project\climate-change\src\vs-project\x64\debug\vs-project.tlog\vs-project.write.1u.tlog
