  GodotLibrary.cpp
C:\Users\Eliott\Documents\GitHub\CSE201-project\climate-change\src\VS-Project\Libraries\godot-cpp-bindings\include\core\Math.hpp(117,23): warning C4244: 'return': conversion from 'double' to 'float', possible loss of data
C:\Users\Eliott\Documents\GitHub\CSE201-project\climate-change\src\VS-Project\Libraries\godot-cpp-bindings\include\core\Math.hpp(124,21): warning C4244: 'return': conversion from 'double' to 'float', possible loss of data
C:\Users\Eliott\Documents\GitHub\CSE201-project\climate-change\src\VS-Project\Libraries\godot-cpp-bindings\include\core\Math.hpp(147,19): warning C4244: 'initializing': conversion from 'double' to 'real_t', possible loss of data
C:\Users\Eliott\Documents\GitHub\CSE201-project\climate-change\src\VS-Project\Libraries\godot-cpp-bindings\include\core\Math.hpp(149,26): warning C4305: '=': truncation from 'double' to 'real_t'
C:\Users\Eliott\Documents\GitHub\CSE201-project\climate-change\src\VS-Project\Libraries\godot-cpp-bindings\include\core\Math.hpp(168,30): warning C4244: 'argument': conversion from 'double' to 'real_t', possible loss of data
C:\Users\Eliott\Documents\GitHub\CSE201-project\climate-change\src\VS-Project\Libraries\godot-cpp-bindings\include\core\Math.hpp(168,22): warning C4244: 'argument': conversion from 'double' to 'real_t', possible loss of data
C:\Users\Eliott\Documents\GitHub\CSE201-project\climate-change\src\VS-Project\Libraries\godot-cpp-bindings\include\core\Math.hpp(208,16): warning C4244: 'return': conversion from 'double' to 'float', possible loss of data
C:\Users\Eliott\Documents\GitHub\CSE201-project\climate-change\src\VS-Project\Libraries\godot-cpp-bindings\include\core\Math.hpp(218,24): warning C4244: 'argument': conversion from 'double' to 'real_t', possible loss of data
C:\Users\Eliott\Documents\GitHub\CSE201-project\climate-change\src\VS-Project\Libraries\godot-cpp-bindings\include\core\Math.hpp(227,43): warning C4244: '=': conversion from 'double' to 'real_t', possible loss of data
C:\Users\Eliott\Documents\GitHub\CSE201-project\climate-change\src\VS-Project\Libraries\godot-cpp-bindings\include\core\Math.hpp(110,11): warning C4244: 'return': conversion from 'int' to 'T', possible loss of data
          with
          [
              T=float
          ]
C:\Users\Eliott\Documents\GitHub\CSE201-project\climate-change\src\VS-Project\Libraries\godot-cpp-bindings\include\core\Math.hpp(187): message : see reference to function template instantiation 'T godot::Math::sign<float>(T)' being compiled
          with
          [
              T=float
          ]
  Player.cpp
C:\Users\Eliott\Documents\GitHub\CSE201-project\climate-change\src\VS-Project\Libraries\godot-cpp-bindings\include\core\Math.hpp(117,23): warning C4244: 'return': conversion from 'double' to 'float', possible loss of data
C:\Users\Eliott\Documents\GitHub\CSE201-project\climate-change\src\VS-Project\Libraries\godot-cpp-bindings\include\core\Math.hpp(124,21): warning C4244: 'return': conversion from 'double' to 'float', possible loss of data
C:\Users\Eliott\Documents\GitHub\CSE201-project\climate-change\src\VS-Project\Libraries\godot-cpp-bindings\include\core\Math.hpp(147,19): warning C4244: 'initializing': conversion from 'double' to 'real_t', possible loss of data
C:\Users\Eliott\Documents\GitHub\CSE201-project\climate-change\src\VS-Project\Libraries\godot-cpp-bindings\include\core\Math.hpp(149,26): warning C4305: '=': truncation from 'double' to 'real_t'
C:\Users\Eliott\Documents\GitHub\CSE201-project\climate-change\src\VS-Project\Libraries\godot-cpp-bindings\include\core\Math.hpp(168,30): warning C4244: 'argument': conversion from 'double' to 'real_t', possible loss of data
C:\Users\Eliott\Documents\GitHub\CSE201-project\climate-change\src\VS-Project\Libraries\godot-cpp-bindings\include\core\Math.hpp(168,22): warning C4244: 'argument': conversion from 'double' to 'real_t', possible loss of data
C:\Users\Eliott\Documents\GitHub\CSE201-project\climate-change\src\VS-Project\Libraries\godot-cpp-bindings\include\core\Math.hpp(208,16): warning C4244: 'return': conversion from 'double' to 'float', possible loss of data
C:\Users\Eliott\Documents\GitHub\CSE201-project\climate-change\src\VS-Project\Libraries\godot-cpp-bindings\include\core\Math.hpp(218,24): warning C4244: 'argument': conversion from 'double' to 'real_t', possible loss of data
C:\Users\Eliott\Documents\GitHub\CSE201-project\climate-change\src\VS-Project\Libraries\godot-cpp-bindings\include\core\Math.hpp(227,43): warning C4244: '=': conversion from 'double' to 'real_t', possible loss of data
C:\Users\Eliott\Documents\GitHub\CSE201-project\climate-change\src\VS-Project\Libraries\godot-cpp-bindings\include\core\Math.hpp(110,11): warning C4244: 'return': conversion from 'int' to 'T', possible loss of data
          with
          [
              T=float
          ]
C:\Users\Eliott\Documents\GitHub\CSE201-project\climate-change\src\VS-Project\Libraries\godot-cpp-bindings\include\core\Math.hpp(187): message : see reference to function template instantiation 'T godot::Math::sign<float>(T)' being compiled
          with
          [
              T=float
          ]
  Root.cpp
  Generating Code...
     Creating library C:\Users\Eliott\Documents\GitHub\CSE201-project\climate-change\src\VS-Project\DLLExport\LibVS-Project-x64-Debug.lib and object C:\Users\Eliott\Documents\GitHub\CSE201-project\climate-change\src\VS-Project\DLLExport\LibVS-Project-x64-Debug.exp
  VS-Project.vcxproj -> C:\Users\Eliott\Documents\GitHub\CSE201-project\climate-change\src\VS-Project\DLLExport\LibVS-Project-x64-Debug.dll
