  GodotLibrary.cpp
C:\Godot\CSE201-project\climate-change\src\VS-Project\Libraries\godot-cpp-bindings\include\core\Math.hpp(117,23): warning C4244: 'return': conversion from 'double' to 'float', possible loss of data
C:\Godot\CSE201-project\climate-change\src\VS-Project\Libraries\godot-cpp-bindings\include\core\Math.hpp(124,21): warning C4244: 'return': conversion from 'double' to 'float', possible loss of data
C:\Godot\CSE201-project\climate-change\src\VS-Project\Libraries\godot-cpp-bindings\include\core\Math.hpp(147,19): warning C4244: 'initializing': conversion from 'double' to 'real_t', possible loss of data
C:\Godot\CSE201-project\climate-change\src\VS-Project\Libraries\godot-cpp-bindings\include\core\Math.hpp(149,26): warning C4305: '=': truncation from 'double' to 'real_t'
C:\Godot\CSE201-project\climate-change\src\VS-Project\Libraries\godot-cpp-bindings\include\core\Math.hpp(168,30): warning C4244: 'argument': conversion from 'double' to 'real_t', possible loss of data
C:\Godot\CSE201-project\climate-change\src\VS-Project\Libraries\godot-cpp-bindings\include\core\Math.hpp(168,22): warning C4244: 'argument': conversion from 'double' to 'real_t', possible loss of data
C:\Godot\CSE201-project\climate-change\src\VS-Project\Libraries\godot-cpp-bindings\include\core\Math.hpp(208,16): warning C4244: 'return': conversion from 'double' to 'float', possible loss of data
C:\Godot\CSE201-project\climate-change\src\VS-Project\Libraries\godot-cpp-bindings\include\core\Math.hpp(218,24): warning C4244: 'argument': conversion from 'double' to 'real_t', possible loss of data
C:\Godot\CSE201-project\climate-change\src\VS-Project\Libraries\godot-cpp-bindings\include\core\Math.hpp(227,43): warning C4244: '=': conversion from 'double' to 'real_t', possible loss of data
C:\Godot\CSE201-project\climate-change\src\VS-Project\Libraries\godot-cpp-bindings\include\core\Math.hpp(110,11): warning C4244: 'return': conversion from 'int' to 'T', possible loss of data
          with
          [
              T=float
          ]
C:\Godot\CSE201-project\climate-change\src\VS-Project\Libraries\godot-cpp-bindings\include\core\Math.hpp(187): message : see reference to function template instantiation 'T godot::Math::sign<float>(T)' being compiled
          with
          [
              T=float
          ]
  Player.cpp
C:\Godot\CSE201-project\climate-change\src\VS-Project\Libraries\godot-cpp-bindings\include\core\Math.hpp(117,23): warning C4244: 'return': conversion from 'double' to 'float', possible loss of data
C:\Godot\CSE201-project\climate-change\src\VS-Project\Libraries\godot-cpp-bindings\include\core\Math.hpp(124,21): warning C4244: 'return': conversion from 'double' to 'float', possible loss of data
C:\Godot\CSE201-project\climate-change\src\VS-Project\Libraries\godot-cpp-bindings\include\core\Math.hpp(147,19): warning C4244: 'initializing': conversion from 'double' to 'real_t', possible loss of data
C:\Godot\CSE201-project\climate-change\src\VS-Project\Libraries\godot-cpp-bindings\include\core\Math.hpp(149,26): warning C4305: '=': truncation from 'double' to 'real_t'
C:\Godot\CSE201-project\climate-change\src\VS-Project\Libraries\godot-cpp-bindings\include\core\Math.hpp(168,30): warning C4244: 'argument': conversion from 'double' to 'real_t', possible loss of data
C:\Godot\CSE201-project\climate-change\src\VS-Project\Libraries\godot-cpp-bindings\include\core\Math.hpp(168,22): warning C4244: 'argument': conversion from 'double' to 'real_t', possible loss of data
C:\Godot\CSE201-project\climate-change\src\VS-Project\Libraries\godot-cpp-bindings\include\core\Math.hpp(208,16): warning C4244: 'return': conversion from 'double' to 'float', possible loss of data
C:\Godot\CSE201-project\climate-change\src\VS-Project\Libraries\godot-cpp-bindings\include\core\Math.hpp(218,24): warning C4244: 'argument': conversion from 'double' to 'real_t', possible loss of data
C:\Godot\CSE201-project\climate-change\src\VS-Project\Libraries\godot-cpp-bindings\include\core\Math.hpp(227,43): warning C4244: '=': conversion from 'double' to 'real_t', possible loss of data
C:\Godot\CSE201-project\climate-change\src\VS-Project\Libraries\godot-cpp-bindings\include\core\Math.hpp(110,11): warning C4244: 'return': conversion from 'int' to 'T', possible loss of data
          with
          [
              T=float
          ]
C:\Godot\CSE201-project\climate-change\src\VS-Project\Libraries\godot-cpp-bindings\include\core\Math.hpp(187): message : see reference to function template instantiation 'T godot::Math::sign<float>(T)' being compiled
          with
          [
              T=float
          ]
  Root.cpp
     Creating library C:\Godot\CSE201-project\climate-change\src\VS-Project\DLLExport\LibVS-Project-x64-Release.lib and object C:\Godot\CSE201-project\climate-change\src\VS-Project\DLLExport\LibVS-Project-x64-Release.exp
  Generating code
  20 of 33 functions (60.6%) were compiled, the rest were copied from previous compilation.
    0 functions were new in current compilation
    2 functions had inline decision re-evaluated but remain unchanged
  Finished generating code
  VS-Project.vcxproj -> C:\Godot\CSE201-project\climate-change\src\VS-Project\DLLExport\LibVS-Project-x64-Release.dll
