The system is: Windows - 10.0.19041 - AMD64
Compiling the C compiler identification source file "CMakeCCompilerId.c" succeeded.
Compiler: E:/Microsoft Visual Studio/MS Studio/VC/Tools/MSVC/14.28.29333/bin/Hostx64/x64/cl.exe 
Build flags: 
Id flags:  

The output was:
0
Microsoft (R) C/C++ Optimizing Compiler Version 19.28.29333 for x64
Copyright (C) Microsoft Corporation.  All rights reserved.

CMakeCCompilerId.c
Microsoft (R) Incremental Linker Version 14.28.29333.0
Copyright (C) Microsoft Corporation.  All rights reserved.

/out:CMakeCCompilerId.exe 
CMakeCCompilerId.obj 


Compilation of the C compiler identification source "CMakeCCompilerId.c" produced "CMakeCCompilerId.exe"

Compilation of the C compiler identification source "CMakeCCompilerId.c" produced "CMakeCCompilerId.obj"

The C compiler identification is MSVC, found in "E:/CSE201-project/climate-change/src/VS-Project/Libraries/godot-cpp-bindings/out/build/x64-Debug (default)/CMakeFiles/3.18.20081302-MSVC_2/CompilerIdC/CMakeCCompilerId.exe"

Compiling the CXX compiler identification source file "CMakeCXXCompilerId.cpp" succeeded.
Compiler: E:/Microsoft Visual Studio/MS Studio/VC/Tools/MSVC/14.28.29333/bin/Hostx64/x64/cl.exe 
Build flags: 
Id flags:  

The output was:
0
Microsoft (R) C/C++ Optimizing Compiler Version 19.28.29333 for x64
Copyright (C) Microsoft Corporation.  All rights reserved.

CMakeCXXCompilerId.cpp
Microsoft (R) Incremental Linker Version 14.28.29333.0
Copyright (C) Microsoft Corporation.  All rights reserved.

/out:CMakeCXXCompilerId.exe 
CMakeCXXCompilerId.obj 


Compilation of the CXX compiler identification source "CMakeCXXCompilerId.cpp" produced "CMakeCXXCompilerId.exe"

Compilation of the CXX compiler identification source "CMakeCXXCompilerId.cpp" produced "CMakeCXXCompilerId.obj"

The CXX compiler identification is MSVC, found in "E:/CSE201-project/climate-change/src/VS-Project/Libraries/godot-cpp-bindings/out/build/x64-Debug (default)/CMakeFiles/3.18.20081302-MSVC_2/CompilerIdCXX/CMakeCXXCompilerId.exe"

Detecting C compiler ABI info compiled with the following output:
Change Dir: E:/CSE201-project/climate-change/src/VS-Project/Libraries/godot-cpp-bindings/out/build/x64-Debug (default)/CMakeFiles/CMakeTmp

Run Build Command(s):E:/Microsoft Visual Studio/MS Studio/Common7/IDE/CommonExtensions/Microsoft/CMake/Ninja/ninja.exe cmTC_f9209 && [1/2] Building C object CMakeFiles\cmTC_f9209.dir\CMakeCCompilerABI.c.obj
[2/2] Linking C executable cmTC_f9209.exe



Detecting CXX compiler ABI info compiled with the following output:
Change Dir: E:/CSE201-project/climate-change/src/VS-Project/Libraries/godot-cpp-bindings/out/build/x64-Debug (default)/CMakeFiles/CMakeTmp

Run Build Command(s):E:/Microsoft Visual Studio/MS Studio/Common7/IDE/CommonExtensions/Microsoft/CMake/Ninja/ninja.exe cmTC_cab1d && [1/2] Building CXX object CMakeFiles\cmTC_cab1d.dir\CMakeCXXCompilerABI.cpp.obj
[2/2] Linking CXX executable cmTC_cab1d.exe



