C:\Program Files (x86)\Microsoft Visual Studio\2019\Community\MSBuild\Microsoft\VC\v160\Microsoft.CppBuild.targets(477,5): warning MSB8004: Output Directory does not end with a trailing slash.  This build instance will add the slash as it is required to allow proper evaluation of the Output Directory.
  GodotLibrary.cpp
C:\Users\Eliott\Documents\GitHub\CSE201-project\godot-cpp\include\core\Math.hpp(117,23): warning C4244: 'return': conversion from 'double' to 'float', possible loss of data
C:\Users\Eliott\Documents\GitHub\CSE201-project\godot-cpp\include\core\Math.hpp(124,21): warning C4244: 'return': conversion from 'double' to 'float', possible loss of data
C:\Users\Eliott\Documents\GitHub\CSE201-project\godot-cpp\include\core\Math.hpp(147,19): warning C4244: 'initializing': conversion from 'double' to 'real_t', possible loss of data
C:\Users\Eliott\Documents\GitHub\CSE201-project\godot-cpp\include\core\Math.hpp(149,26): warning C4305: '=': truncation from 'double' to 'real_t'
C:\Users\Eliott\Documents\GitHub\CSE201-project\godot-cpp\include\core\Math.hpp(168,30): warning C4244: 'argument': conversion from 'double' to 'real_t', possible loss of data
C:\Users\Eliott\Documents\GitHub\CSE201-project\godot-cpp\include\core\Math.hpp(168,22): warning C4244: 'argument': conversion from 'double' to 'real_t', possible loss of data
C:\Users\Eliott\Documents\GitHub\CSE201-project\godot-cpp\include\core\Math.hpp(208,16): warning C4244: 'return': conversion from 'double' to 'float', possible loss of data
C:\Users\Eliott\Documents\GitHub\CSE201-project\godot-cpp\include\core\Math.hpp(218,24): warning C4244: 'argument': conversion from 'double' to 'real_t', possible loss of data
C:\Users\Eliott\Documents\GitHub\CSE201-project\godot-cpp\include\core\Math.hpp(227,43): warning C4244: '=': conversion from 'double' to 'real_t', possible loss of data
C:\Users\Eliott\Documents\GitHub\CSE201-project\godot-cpp\include\core\Math.hpp(110,11): warning C4244: 'return': conversion from 'int' to 'T', possible loss of data
          with
          [
              T=float
          ]
C:\Users\Eliott\Documents\GitHub\CSE201-project\godot-cpp\include\core\Math.hpp(187): message : see reference to function template instantiation 'T godot::Math::sign<float>(T)' being compiled
          with
          [
              T=float
          ]
  Player.cpp
  Root.cpp
C:\Users\Eliott\Documents\GitHub\CSE201-project\godot-cpp\include\core\Math.hpp(117,23): warning C4244: 'return': conversion from 'double' to 'float', possible loss of data
C:\Users\Eliott\Documents\GitHub\CSE201-project\godot-cpp\include\core\Math.hpp(124,21): warning C4244: 'return': conversion from 'double' to 'float', possible loss of data
C:\Users\Eliott\Documents\GitHub\CSE201-project\godot-cpp\include\core\Math.hpp(147,19): warning C4244: 'initializing': conversion from 'double' to 'real_t', possible loss of data
C:\Users\Eliott\Documents\GitHub\CSE201-project\godot-cpp\include\core\Math.hpp(149,26): warning C4305: '=': truncation from 'double' to 'real_t'
C:\Users\Eliott\Documents\GitHub\CSE201-project\godot-cpp\include\core\Math.hpp(168,30): warning C4244: 'argument': conversion from 'double' to 'real_t', possible loss of data
C:\Users\Eliott\Documents\GitHub\CSE201-project\godot-cpp\include\core\Math.hpp(168,22): warning C4244: 'argument': conversion from 'double' to 'real_t', possible loss of data
C:\Users\Eliott\Documents\GitHub\CSE201-project\godot-cpp\include\core\Math.hpp(208,16): warning C4244: 'return': conversion from 'double' to 'float', possible loss of data
C:\Users\Eliott\Documents\GitHub\CSE201-project\godot-cpp\include\core\Math.hpp(218,24): warning C4244: 'argument': conversion from 'double' to 'real_t', possible loss of data
C:\Users\Eliott\Documents\GitHub\CSE201-project\godot-cpp\include\core\Math.hpp(227,43): warning C4244: '=': conversion from 'double' to 'real_t', possible loss of data
C:\Users\Eliott\Documents\GitHub\CSE201-project\godot-cpp\include\core\Math.hpp(110,11): warning C4244: 'return': conversion from 'int' to 'T', possible loss of data
          with
          [
              T=float
          ]
C:\Users\Eliott\Documents\GitHub\CSE201-project\godot-cpp\include\core\Math.hpp(187): message : see reference to function template instantiation 'T godot::Math::sign<float>(T)' being compiled
          with
          [
              T=float
          ]
     Creating library ..\DLLExport\LibVS-Project-x64-Release.lib and object ..\DLLExport\LibVS-Project-x64-Release.exp
  Generating code
  Previous IPDB not found, fall back to full compilation.
  All 33 functions were compiled because no usable IPDB/IOBJ from previous compilation was found.
  Finished generating code
  VS-Project.vcxproj -> C:\Users\Eliott\Documents\GitHub\CSE201-project\src\DLLExport\LibVS-Project-x64-Release.dll
