C:\Program Files (x86)\Microsoft Visual Studio\2019\Community\MSBuild\Microsoft\VC\v160\Microsoft.CppBuild.targets(477,5): warning MSB8004: Output Directory does not end with a trailing slash.  This build instance will add the slash as it is required to allow proper evaluation of the Output Directory.
  GodotLibrary.cpp
C:\Users\Eliott\Documents\GitHub\CSE201-project\godot-cpp\include\core\Math.hpp(117,23): warning C4244: 'return': conversion from 'double' to 'float', possible loss of data
C:\Users\Eliott\Documents\GitHub\CSE201-project\godot-cpp\include\core\Math.hpp(124,21): warning C4244: 'return': conversion from 'double' to 'float', possible loss of data
C:\Users\Eliott\Documents\GitHub\CSE201-project\godot-cpp\include\core\Math.hpp(147,19): warning C4244: 'initializing': conversion from 'double' to 'real_t', possible loss of data
C:\Users\Eliott\Documents\GitHub\CSE201-project\godot-cpp\include\core\Math.hpp(149,26): warning C4305: '=': truncation from 'double' to 'real_t'
C:\Users\Eliott\Documents\GitHub\CSE201-project\godot-cpp\include\core\Math.hpp(168,30): warning C4244: 'argument': conversion from 'double' to 'real_t', possible loss of data
C:\Users\Eliott\Documents\GitHub\CSE201-project\godot-cpp\include\core\Math.hpp(168,22): warning C4244: 'argument': conversion from 'double' to 'real_t', possible loss of data
C:\Users\Eliott\Documents\GitHub\CSE201-project\godot-cpp\include\core\Math.hpp(208,16): warning C4244: 'return': conversion from 'double' to 'float', possible loss of data
C:\Users\Eliott\Documents\GitHub\CSE201-project\godot-cpp\include\core\Math.hpp(218,24): warning C4244: 'argument': conversion from 'double' to 'real_t', possible loss of data
C:\Users\Eliott\Documents\GitHub\CSE201-project\godot-cpp\include\core\Math.hpp(227,43): warning C4244: '=': conversion from 'double' to 'real_t', possible loss of data
C:\Users\Eliott\Documents\GitHub\CSE201-project\godot-cpp\include\core\Math.hpp(110,11): warning C4244: 'return': conversion from 'int' to 'T', possible loss of data
          with
          [
              T=float
          ]
C:\Users\Eliott\Documents\GitHub\CSE201-project\godot-cpp\include\core\Math.hpp(187): message : see reference to function template instantiation 'T godot::Math::sign<float>(T)' being compiled
          with
          [
              T=float
          ]
  Player.cpp
  Root.cpp
C:\Users\Eliott\Documents\GitHub\CSE201-project\godot-cpp\include\core\Math.hpp(117,23): warning C4244: 'return': conversion from 'double' to 'float', possible loss of data
C:\Users\Eliott\Documents\GitHub\CSE201-project\godot-cpp\include\core\Math.hpp(124,21): warning C4244: 'return': conversion from 'double' to 'float', possible loss of data
C:\Users\Eliott\Documents\GitHub\CSE201-project\godot-cpp\include\core\Math.hpp(147,19): warning C4244: 'initializing': conversion from 'double' to 'real_t', possible loss of data
C:\Users\Eliott\Documents\GitHub\CSE201-project\godot-cpp\include\core\Math.hpp(149,26): warning C4305: '=': truncation from 'double' to 'real_t'
C:\Users\Eliott\Documents\GitHub\CSE201-project\godot-cpp\include\core\Math.hpp(168,30): warning C4244: 'argument': conversion from 'double' to 'real_t', possible loss of data
C:\Users\Eliott\Documents\GitHub\CSE201-project\godot-cpp\include\core\Math.hpp(168,22): warning C4244: 'argument': conversion from 'double' to 'real_t', possible loss of data
C:\Users\Eliott\Documents\GitHub\CSE201-project\godot-cpp\include\core\Math.hpp(208,16): warning C4244: 'return': conversion from 'double' to 'float', possible loss of data
C:\Users\Eliott\Documents\GitHub\CSE201-project\godot-cpp\include\core\Math.hpp(218,24): warning C4244: 'argument': conversion from 'double' to 'real_t', possible loss of data
C:\Users\Eliott\Documents\GitHub\CSE201-project\godot-cpp\include\core\Math.hpp(227,43): warning C4244: '=': conversion from 'double' to 'real_t', possible loss of data
C:\Users\Eliott\Documents\GitHub\CSE201-project\godot-cpp\include\core\Math.hpp(110,11): warning C4244: 'return': conversion from 'int' to 'T', possible loss of data
          with
          [
              T=float
          ]
C:\Users\Eliott\Documents\GitHub\CSE201-project\godot-cpp\include\core\Math.hpp(187): message : see reference to function template instantiation 'T godot::Math::sign<float>(T)' being compiled
          with
          [
              T=float
          ]
  Generating Code...
     Creating library ..\DLLExport\VS-Project.lib and object ..\DLLExport\VS-Project.exp
GodotLibrary.obj : error LNK2019: unresolved external symbol "public: static void __cdecl godot::Godot::gdnative_init(struct godot_gdnative_init_options *)" (?gdnative_init@Godot@godot@@SAXPAUgodot_gdnative_init_options@@@Z) referenced in function _godot_gdnative_init
GodotLibrary.obj : error LNK2019: unresolved external symbol "public: static void __cdecl godot::Godot::gdnative_terminate(struct godot_gdnative_terminate_options *)" (?gdnative_terminate@Godot@godot@@SAXPAUgodot_gdnative_terminate_options@@@Z) referenced in function _godot_gdnative_terminate
GodotLibrary.obj : error LNK2019: unresolved external symbol "void __cdecl godot::_TagDB::register_type(unsigned int,unsigned int)" (?register_type@_TagDB@godot@@YAXII@Z) referenced in function "void __cdecl godot::register_class<class godot::Player>(void)" (??$register_class@VPlayer@godot@@@godot@@YAXXZ)
GodotLibrary.obj : error LNK2001: unresolved external symbol _nativescript_api
Root.obj : error LNK2001: unresolved external symbol _nativescript_api
GodotLibrary.obj : error LNK2001: unresolved external symbol _nativescript_1_1_api
GodotLibrary.obj : error LNK2001: unresolved external symbol "public: static void * godot::_RegisterState::nativescript_handle" (?nativescript_handle@_RegisterState@godot@@2PAXA)
Root.obj : error LNK2001: unresolved external symbol "public: static void * godot::_RegisterState::nativescript_handle" (?nativescript_handle@_RegisterState@godot@@2PAXA)
GodotLibrary.obj : error LNK2001: unresolved external symbol "private: static void * godot::KinematicBody::_detail_class_tag" (?_detail_class_tag@KinematicBody@godot@@0PAXA)
Root.obj : error LNK2019: unresolved external symbol "public: __thiscall godot::String::String(char const *)" (??0String@godot@@QAE@PBD@Z) referenced in function "public: void __thiscall godot::Player::UpdateMotionFromInput(void)" (?UpdateMotionFromInput@Player@godot@@QAEXXZ)
Root.obj : error LNK2019: unresolved external symbol "public: __thiscall godot::Variant::Variant(class godot::Variant const &)" (??0Variant@godot@@QAE@ABV01@@Z) referenced in function "public: void __thiscall godot::_WrappedMethod<class godot::Player,void,float>::apply<0>(class godot::Variant *,class godot::Player *,class godot::Variant * *,struct godot::__Sequence<0>)" (??$apply@$0A@@?$_WrappedMethod@VPlayer@godot@@XM@godot@@QAEXPAVVariant@1@PAVPlayer@1@PAPAV21@U?$__Sequence@$0A@@1@@Z)
Root.obj : error LNK2019: unresolved external symbol "public: __thiscall godot::Variant::operator float(void)const " (??BVariant@godot@@QBEMXZ) referenced in function "public: static float __cdecl godot::_ArgCast<float>::_arg_cast(class godot::Variant)" (?_arg_cast@?$_ArgCast@M@godot@@SAMVVariant@2@@Z)
Root.obj : error LNK2019: unresolved external symbol "public: __thiscall godot::Variant::~Variant(void)" (??1Variant@godot@@QAE@XZ) referenced in function "public: static float __cdecl godot::_ArgCast<float>::_arg_cast(class godot::Variant)" (?_arg_cast@?$_ArgCast@M@godot@@SAMVVariant@2@@Z)
Root.obj : error LNK2019: unresolved external symbol "public: struct godot::Vector3 __thiscall godot::KinematicBody::move_and_slide(struct godot::Vector3,struct godot::Vector3,bool,__int64,float,bool)" (?move_and_slide@KinematicBody@godot@@QAE?AUVector3@2@U32@0_N_JM1@Z) referenced in function "public: void __thiscall godot::Player::_process(float)" (?_process@Player@godot@@QAEXM@Z)
Root.obj : error LNK2019: unresolved external symbol "private: __thiscall godot::Input::Input(void)" (??0Input@godot@@AAE@XZ) referenced in function "public: static class godot::Input * __cdecl godot::Input::get_singleton(void)" (?get_singleton@Input@godot@@SAPAV12@XZ)
Root.obj : error LNK2019: unresolved external symbol "public: bool __thiscall godot::Input::is_action_just_pressed(class godot::String)const " (?is_action_just_pressed@Input@godot@@QBE_NVString@2@@Z) referenced in function "public: void __thiscall godot::Player::UpdateMotionFromInput(void)" (?UpdateMotionFromInput@Player@godot@@QAEXXZ)
Root.obj : error LNK2001: unresolved external symbol _api
Root.obj : error LNK2001: unresolved external symbol "private: static class godot::Input * godot::Input::_singleton" (?_singleton@Input@godot@@0PAV12@A)
..\DLLExport\VS-Project.dll : fatal error LNK1120: 16 unresolved externals
